Using pre-set license
Built from '2021.1/release' branch; Version is '2021.1.4f1 (4cd64a618c1b) revision 5035594'; Using compiler version '192528614'; Build Type 'Release'
OS: 'Windows 10 Home; OS build 19042.928; Version 2009; 64bit' Language: 'pl' Physical Memory: 6020 MB
BatchMode: 1, IsHumanControllingUs: 0, StartBugReporterOnCrash: 0, Is64bit: 1, IsPro: 0

 COMMAND LINE ARGUMENTS:
C:\Program Files\Unity\Hub\Editor\2021.1.4f1\Editor\Unity.exe
-adb2
-batchMode
-noUpm
-name
AssetImportWorker0
-projectPath
C:/Snake2D_v4/Snake2D_v4
-logFile
Logs/AssetImportWorker0.log
-srvPort
59269
Successfully changed project path to: C:/Snake2D_v4/Snake2D_v4
C:/Snake2D_v4/Snake2D_v4
Using Asset Import Pipeline V2.
Refreshing native plugins compatible for Editor in 118.98 ms, found 2 plugins.
Preloading 0 native plugins for Editor in 0.00 ms.
Initialize engine version: 2021.1.4f1 (4cd64a618c1b)
[Subsystems] Discovering subsystems at path C:/Program Files/Unity/Hub/Editor/2021.1.4f1/Editor/Data/Resources/UnitySubsystems
[Subsystems] Discovering subsystems at path C:/Snake2D_v4/Snake2D_v4/Assets
GfxDevice: creating device client; threaded=0; jobified=0
Direct3D:
    Version:  Direct3D 11.0 [level 11.1]
    Renderer: AMD Radeon(TM) Graphics (ID=0x15d8)
    Vendor:   ATI
    VRAM:     3010 MB
    Driver:   27.20.11028.10001
Initialize mono
Mono path[0] = 'C:/Program Files/Unity/Hub/Editor/2021.1.4f1/Editor/Data/Managed'
Mono path[1] = 'C:/Program Files/Unity/Hub/Editor/2021.1.4f1/Editor/Data/MonoBleedingEdge/lib/mono/unityjit'
Mono config path = 'C:/Program Files/Unity/Hub/Editor/2021.1.4f1/Editor/Data/MonoBleedingEdge/etc'
Using monoOptions --debugger-agent=transport=dt_socket,embedding=1,server=y,suspend=n,address=127.0.0.1:56248
Begin MonoManager ReloadAssembly
Registering precompiled unity dll's ...
Register platform support module: C:/Program Files/Unity/Hub/Editor/2021.1.4f1/Editor/Data/PlaybackEngines/WindowsStandaloneSupport/UnityEditor.WindowsStandalone.Extensions.dll
Registered in 0.005096 seconds.
Native extension for WindowsStandalone target not found
Refreshing native plugins compatible for Editor in 114.67 ms, found 2 plugins.
Preloading 0 native plugins for Editor in 0.00 ms.
Mono: successfully reloaded assembly
- Completed reload, in  2.092 seconds
Platform modules already initialized, skipping
Registering precompiled user dll's ...
Registered in 0.009707 seconds.
Begin MonoManager ReloadAssembly
Native extension for WindowsStandalone target not found
Refreshing native plugins compatible for Editor in 123.13 ms, found 2 plugins.
Preloading 0 native plugins for Editor in 0.00 ms.
Mono: successfully reloaded assembly
- Completed reload, in  1.653 seconds
Platform modules already initialized, skipping
========================================================================
Worker process is ready to serve import requests
Launched and connected shader compiler UnityShaderCompiler.exe after 0.08 seconds
Refreshing native plugins compatible for Editor in 0.81 ms, found 2 plugins.
Preloading 0 native plugins for Editor in 0.00 ms.
Unloading 3372 Unused Serialized files (Serialized files now loaded: 0)
System memory in use before: 127.9 MB.
System memory in use after: 128.0 MB.

Unloading 29 unused Assets to reduce memory usage. Loaded Objects now: 3824.
Total: 4.274300 ms (FindLiveObjects: 0.491800 ms CreateObjectMapping: 0.170300 ms MarkObjects: 3.457000 ms  DeleteObjects: 0.153400 ms)

========================================================================
Received Import Request.
  path: Assets/apple.png
  artifactKey: Guid(10950e51bb8403444a15bda551fd0041) Importer(815301076,1909f56bfc062723c751e8b465ee728b)
Start importing Assets/apple.png using Guid(10950e51bb8403444a15bda551fd0041) Importer(815301076,1909f56bfc062723c751e8b465ee728b)  -> (artifact id: '748f262cb4a12d1e759a6b7c6ad97108') in 0.163239 seconds 
========================================================================
Received Prepare
Registering precompiled user dll's ...
Registered in 0.009534 seconds.
Begin MonoManager ReloadAssembly
Native extension for WindowsStandalone target not found
Refreshing native plugins compatible for Editor in 0.88 ms, found 2 plugins.
Preloading 0 native plugins for Editor in 0.00 ms.
Mono: successfully reloaded assembly
- Completed reload, in  1.553 seconds
Platform modules already initialized, skipping
Refreshing native plugins compatible for Editor in 0.90 ms, found 2 plugins.
Preloading 0 native plugins for Editor in 0.00 ms.
Unloading 3368 Unused Serialized files (Serialized files now loaded: 0)
System memory in use before: 132.1 MB.
System memory in use after: 132.2 MB.

Unloading 17 unused Assets to reduce memory usage. Loaded Objects now: 3849.
Total: 3.738800 ms (FindLiveObjects: 0.388200 ms CreateObjectMapping: 0.144500 ms MarkObjects: 3.077500 ms  DeleteObjects: 0.126800 ms)

========================================================================
Received Import Request.
  Time since last request: 184.542880 seconds.
  path: Assets/apple.png
  artifactKey: Guid(10950e51bb8403444a15bda551fd0041) Importer(815301076,1909f56bfc062723c751e8b465ee728b)
Start importing Assets/apple.png using Guid(10950e51bb8403444a15bda551fd0041) Importer(815301076,1909f56bfc062723c751e8b465ee728b)  -> (artifact id: '2493fcd54b5bb4968fc32f84965763e9') in 0.082104 seconds 
========================================================================
Received Import Request.
  Time since last request: 199.126791 seconds.
  path: Assets/apple.prefab
  artifactKey: Guid(beafc6b958c47bf4aa4db717d146c6a9) Importer(815301076,1909f56bfc062723c751e8b465ee728b)
Start importing Assets/apple.prefab using Guid(beafc6b958c47bf4aa4db717d146c6a9) Importer(815301076,1909f56bfc062723c751e8b465ee728b)  -> (artifact id: '2e6cbf6e9669e04359fc619c2a2f728c') in 0.063869 seconds 
========================================================================
Received Import Request.
  Time since last request: 12.569591 seconds.
  path: Assets/ApplePrefab.prefab
  artifactKey: Guid(beafc6b958c47bf4aa4db717d146c6a9) Importer(815301076,1909f56bfc062723c751e8b465ee728b)
Start importing Assets/ApplePrefab.prefab using Guid(beafc6b958c47bf4aa4db717d146c6a9) Importer(815301076,1909f56bfc062723c751e8b465ee728b)  -> (artifact id: 'd69307cffcc21d413f9a780d99884aad') in 0.016948 seconds 
========================================================================
Received Import Request.
  Time since last request: 36.894772 seconds.
  path: Assets/SpawnFood.cs
  artifactKey: Guid(71fc63492170bb2409408d2cae0f2fb6) Importer(815301076,1909f56bfc062723c751e8b465ee728b)
Start importing Assets/SpawnFood.cs using Guid(71fc63492170bb2409408d2cae0f2fb6) Importer(815301076,1909f56bfc062723c751e8b465ee728b)  -> (artifact id: 'ad3617c7aba6d5c16edffe15e52708bf') in 0.022527 seconds 
========================================================================
Received Prepare
Registering precompiled user dll's ...
Registered in 0.006650 seconds.
Begin MonoManager ReloadAssembly
Native extension for WindowsStandalone target not found
Refreshing native plugins compatible for Editor in 1.81 ms, found 2 plugins.
Preloading 0 native plugins for Editor in 0.00 ms.
Mono: successfully reloaded assembly
- Completed reload, in  1.804 seconds
Platform modules already initialized, skipping
Refreshing native plugins compatible for Editor in 0.79 ms, found 2 plugins.
Preloading 0 native plugins for Editor in 0.00 ms.
Unloading 3367 Unused Serialized files (Serialized files now loaded: 0)
System memory in use before: 132.5 MB.
System memory in use after: 132.6 MB.

Unloading 17 unused Assets to reduce memory usage. Loaded Objects now: 3871.
Total: 4.154000 ms (FindLiveObjects: 0.476800 ms CreateObjectMapping: 0.169000 ms MarkObjects: 3.379700 ms  DeleteObjects: 0.127000 ms)

========================================================================
Received Prepare
Registering precompiled user dll's ...
Registered in 0.007249 seconds.
Begin MonoManager ReloadAssembly
Native extension for WindowsStandalone target not found
Refreshing native plugins compatible for Editor in 0.80 ms, found 2 plugins.
Preloading 0 native plugins for Editor in 0.00 ms.
Mono: successfully reloaded assembly
- Completed reload, in  1.394 seconds
Platform modules already initialized, skipping
Refreshing native plugins compatible for Editor in 0.81 ms, found 2 plugins.
Preloading 0 native plugins for Editor in 0.00 ms.
Unloading 3367 Unused Serialized files (Serialized files now loaded: 0)
System memory in use before: 132.6 MB.
System memory in use after: 132.7 MB.

Unloading 17 unused Assets to reduce memory usage. Loaded Objects now: 3875.
Total: 4.208800 ms (FindLiveObjects: 0.402200 ms CreateObjectMapping: 0.148800 ms MarkObjects: 3.480600 ms  DeleteObjects: 0.175100 ms)

========================================================================
Received Prepare
Registering precompiled user dll's ...
Registered in 0.007079 seconds.
Begin MonoManager ReloadAssembly
Native extension for WindowsStandalone target not found
Refreshing native plugins compatible for Editor in 0.80 ms, found 2 plugins.
Preloading 0 native plugins for Editor in 0.00 ms.
Mono: successfully reloaded assembly
- Completed reload, in  1.829 seconds
Platform modules already initialized, skipping
Refreshing native plugins compatible for Editor in 0.90 ms, found 2 plugins.
Preloading 0 native plugins for Editor in 0.00 ms.
Unloading 3367 Unused Serialized files (Serialized files now loaded: 0)
System memory in use before: 132.6 MB.
System memory in use after: 132.7 MB.

Unloading 17 unused Assets to reduce memory usage. Loaded Objects now: 3879.
Total: 4.571600 ms (FindLiveObjects: 0.482500 ms CreateObjectMapping: 0.268800 ms MarkObjects: 3.611000 ms  DeleteObjects: 0.207600 ms)

========================================================================
Received Import Request.
  Time since last request: 110.237977 seconds.
  path: Assets/SpawnFood.cs
  artifactKey: Guid(71fc63492170bb2409408d2cae0f2fb6) Importer(815301076,1909f56bfc062723c751e8b465ee728b)
Start importing Assets/SpawnFood.cs using Guid(71fc63492170bb2409408d2cae0f2fb6) Importer(815301076,1909f56bfc062723c751e8b465ee728b)  -> (artifact id: '6e1035771f49405e3a72e6856396004a') in 0.010901 seconds 
========================================================================
Received Import Request.
  Time since last request: 0.913476 seconds.
  path: Assets/SpawnFood.cs
  artifactKey: Guid(71fc63492170bb2409408d2cae0f2fb6) Importer(815301076,1909f56bfc062723c751e8b465ee728b)
Start importing Assets/SpawnFood.cs using Guid(71fc63492170bb2409408d2cae0f2fb6) Importer(815301076,1909f56bfc062723c751e8b465ee728b)  -> (artifact id: '46560f79e534aa407d541097a8dd38ab') in 0.004834 seconds 
========================================================================
Received Prepare
Registering precompiled user dll's ...
Registered in 0.007405 seconds.
Begin MonoManager ReloadAssembly
Native extension for WindowsStandalone target not found
Refreshing native plugins compatible for Editor in 1.79 ms, found 2 plugins.
Preloading 0 native plugins for Editor in 0.00 ms.
Mono: successfully reloaded assembly
- Completed reload, in  1.888 seconds
Platform modules already initialized, skipping
Refreshing native plugins compatible for Editor in 0.79 ms, found 2 plugins.
Preloading 0 native plugins for Editor in 0.00 ms.
Unloading 3367 Unused Serialized files (Serialized files now loaded: 0)
System memory in use before: 132.6 MB.
System memory in use after: 132.7 MB.

Unloading 17 unused Assets to reduce memory usage. Loaded Objects now: 3883.
Total: 4.131900 ms (FindLiveObjects: 0.399200 ms CreateObjectMapping: 0.131500 ms MarkObjects: 3.429100 ms  DeleteObjects: 0.169900 ms)

========================================================================
Received Prepare
Registering precompiled user dll's ...
Registered in 0.010347 seconds.
Begin MonoManager ReloadAssembly
Native extension for WindowsStandalone target not found
Refreshing native plugins compatible for Editor in 1.19 ms, found 2 plugins.
Preloading 0 native plugins for Editor in 0.00 ms.
Mono: successfully reloaded assembly
- Completed reload, in  1.367 seconds
Platform modules already initialized, skipping
Refreshing native plugins compatible for Editor in 0.87 ms, found 2 plugins.
Preloading 0 native plugins for Editor in 0.00 ms.
Unloading 3367 Unused Serialized files (Serialized files now loaded: 0)
System memory in use before: 132.6 MB.
System memory in use after: 132.7 MB.

Unloading 17 unused Assets to reduce memory usage. Loaded Objects now: 3887.
Total: 3.637000 ms (FindLiveObjects: 0.351100 ms CreateObjectMapping: 0.099000 ms MarkObjects: 3.046400 ms  DeleteObjects: 0.138400 ms)

========================================================================
Received Prepare
Registering precompiled user dll's ...
Registered in 0.008819 seconds.
Begin MonoManager ReloadAssembly
Native extension for WindowsStandalone target not found
Refreshing native plugins compatible for Editor in 2.00 ms, found 2 plugins.
Preloading 0 native plugins for Editor in 0.00 ms.
Mono: successfully reloaded assembly
- Completed reload, in  1.800 seconds
Platform modules already initialized, skipping
Refreshing native plugins compatible for Editor in 0.80 ms, found 2 plugins.
Preloading 0 native plugins for Editor in 0.00 ms.
Unloading 3367 Unused Serialized files (Serialized files now loaded: 0)
System memory in use before: 132.6 MB.
System memory in use after: 132.7 MB.

Unloading 17 unused Assets to reduce memory usage. Loaded Objects now: 3891.
Total: 4.815000 ms (FindLiveObjects: 0.382500 ms CreateObjectMapping: 0.130600 ms MarkObjects: 4.104100 ms  DeleteObjects: 0.196100 ms)

========================================================================
Received Import Request.
  Time since last request: 73.778760 seconds.
  path: Assets/SpawnFood.cs
  artifactKey: Guid(71fc63492170bb2409408d2cae0f2fb6) Importer(815301076,1909f56bfc062723c751e8b465ee728b)
Start importing Assets/SpawnFood.cs using Guid(71fc63492170bb2409408d2cae0f2fb6) Importer(815301076,1909f56bfc062723c751e8b465ee728b)  -> (artifact id: '4ca5dfef10ed42baa53ea44189bc477b') in 0.010346 seconds 
========================================================================
Received Import Request.
  Time since last request: 34.878750 seconds.
  path: Assets/apple.png
  artifactKey: Guid(10950e51bb8403444a15bda551fd0041) Importer(815301076,1909f56bfc062723c751e8b465ee728b)
Start importing Assets/apple.png using Guid(10950e51bb8403444a15bda551fd0041) Importer(815301076,1909f56bfc062723c751e8b465ee728b)  -> (artifact id: '23f2fdfacf849bdaaaedbe3b2fe1735c') in 0.074252 seconds 
========================================================================
Received Import Request.
  Time since last request: 149.572746 seconds.
  path: Assets/ApplePrefab.prefab
  artifactKey: Guid(beafc6b958c47bf4aa4db717d146c6a9) Importer(815301076,1909f56bfc062723c751e8b465ee728b)
Start importing Assets/ApplePrefab.prefab using Guid(beafc6b958c47bf4aa4db717d146c6a9) Importer(815301076,1909f56bfc062723c751e8b465ee728b)  -> (artifact id: '001671c66149e7becfbb86225a7c49c1') in 0.039891 seconds 
========================================================================
Received Import Request.
  Time since last request: 12.429631 seconds.
  path: Assets/SpawnFood.cs
  artifactKey: Guid(71fc63492170bb2409408d2cae0f2fb6) Importer(815301076,1909f56bfc062723c751e8b465ee728b)
Start importing Assets/SpawnFood.cs using Guid(71fc63492170bb2409408d2cae0f2fb6) Importer(815301076,1909f56bfc062723c751e8b465ee728b)  -> (artifact id: '532a64ff65bcc9fb03c20a35c84fecd7') in 0.005049 seconds 
========================================================================
Received Prepare
Registering precompiled user dll's ...
Registered in 0.009098 seconds.
Begin MonoManager ReloadAssembly
Native extension for WindowsStandalone target not found
Refreshing native plugins compatible for Editor in 1.99 ms, found 2 plugins.
Preloading 0 native plugins for Editor in 0.00 ms.
Mono: successfully reloaded assembly
- Completed reload, in  1.868 seconds
Platform modules already initialized, skipping
Refreshing native plugins compatible for Editor in 0.80 ms, found 2 plugins.
Preloading 0 native plugins for Editor in 0.00 ms.
Unloading 3367 Unused Serialized files (Serialized files now loaded: 0)
System memory in use before: 133.0 MB.
System memory in use after: 133.1 MB.

Unloading 17 unused Assets to reduce memory usage. Loaded Objects now: 3910.
Total: 3.310100 ms (FindLiveObjects: 0.430700 ms CreateObjectMapping: 0.186700 ms MarkObjects: 2.555800 ms  DeleteObjects: 0.135200 ms)

========================================================================
Received Prepare
Registering precompiled user dll's ...
Registered in 0.008847 seconds.
Begin MonoManager ReloadAssembly
Native extension for WindowsStandalone target not found
Refreshing native plugins compatible for Editor in 0.89 ms, found 2 plugins.
Preloading 0 native plugins for Editor in 0.00 ms.
Mono: successfully reloaded assembly
- Completed reload, in  1.479 seconds
Platform modules already initialized, skipping
Refreshing native plugins compatible for Editor in 1.03 ms, found 2 plugins.
Preloading 0 native plugins for Editor in 0.00 ms.
Unloading 3367 Unused Serialized files (Serialized files now loaded: 0)
System memory in use before: 133.0 MB.
System memory in use after: 133.1 MB.

Unloading 17 unused Assets to reduce memory usage. Loaded Objects now: 3914.
Total: 3.267300 ms (FindLiveObjects: 0.371100 ms CreateObjectMapping: 0.112700 ms MarkObjects: 2.645600 ms  DeleteObjects: 0.136100 ms)

========================================================================
Received Prepare
Registering precompiled user dll's ...
Registered in 0.006438 seconds.
Begin MonoManager ReloadAssembly
Native extension for WindowsStandalone target not found
Refreshing native plugins compatible for Editor in 1.59 ms, found 2 plugins.
Preloading 0 native plugins for Editor in 0.00 ms.
Mono: successfully reloaded assembly
- Completed reload, in  1.864 seconds
Platform modules already initialized, skipping
Refreshing native plugins compatible for Editor in 1.01 ms, found 2 plugins.
Preloading 0 native plugins for Editor in 0.00 ms.
Unloading 3367 Unused Serialized files (Serialized files now loaded: 0)
System memory in use before: 133.1 MB.
System memory in use after: 133.2 MB.

Unloading 17 unused Assets to reduce memory usage. Loaded Objects now: 3918.
Total: 3.401800 ms (FindLiveObjects: 0.353300 ms CreateObjectMapping: 0.096200 ms MarkObjects: 2.800200 ms  DeleteObjects: 0.150200 ms)

========================================================================
Received Import Request.
  Time since last request: 47.469452 seconds.
  path: Assets/SpawnFood.cs
  artifactKey: Guid(71fc63492170bb2409408d2cae0f2fb6) Importer(815301076,1909f56bfc062723c751e8b465ee728b)
Start importing Assets/SpawnFood.cs using Guid(71fc63492170bb2409408d2cae0f2fb6) Importer(815301076,1909f56bfc062723c751e8b465ee728b)  -> (artifact id: 'a7f7c7f69c5f222cccb4a98fea85dc21') in 0.009570 seconds 
========================================================================
Received Prepare
Registering precompiled user dll's ...
Registered in 0.011568 seconds.
Begin MonoManager ReloadAssembly
Native extension for WindowsStandalone target not found
Refreshing native plugins compatible for Editor in 1.19 ms, found 2 plugins.
Preloading 0 native plugins for Editor in 0.00 ms.
Mono: successfully reloaded assembly
- Completed reload, in  1.396 seconds
Platform modules already initialized, skipping
Refreshing native plugins compatible for Editor in 0.79 ms, found 2 plugins.
Preloading 0 native plugins for Editor in 0.00 ms.
Unloading 3367 Unused Serialized files (Serialized files now loaded: 0)
System memory in use before: 133.1 MB.
System memory in use after: 133.2 MB.

Unloading 17 unused Assets to reduce memory usage. Loaded Objects now: 3922.
Total: 6.370700 ms (FindLiveObjects: 1.116000 ms CreateObjectMapping: 0.542900 ms MarkObjects: 4.543200 ms  DeleteObjects: 0.166100 ms)

========================================================================
Received Prepare
Registering precompiled user dll's ...
Registered in 0.007246 seconds.
Begin MonoManager ReloadAssembly
Native extension for WindowsStandalone target not found
Refreshing native plugins compatible for Editor in 1.09 ms, found 2 plugins.
Preloading 0 native plugins for Editor in 0.00 ms.
Mono: successfully reloaded assembly
- Completed reload, in  1.751 seconds
Platform modules already initialized, skipping
Refreshing native plugins compatible for Editor in 1.39 ms, found 2 plugins.
Preloading 0 native plugins for Editor in 0.00 ms.
Unloading 3367 Unused Serialized files (Serialized files now loaded: 0)
System memory in use before: 133.1 MB.
System memory in use after: 133.2 MB.

Unloading 17 unused Assets to reduce memory usage. Loaded Objects now: 3926.
Total: 7.352400 ms (FindLiveObjects: 0.546600 ms CreateObjectMapping: 1.633100 ms MarkObjects: 4.985600 ms  DeleteObjects: 0.185000 ms)

========================================================================
Received Prepare
Registering precompiled user dll's ...
Registered in 0.012610 seconds.
Begin MonoManager ReloadAssembly
Native extension for WindowsStandalone target not found
Refreshing native plugins compatible for Editor in 1.19 ms, found 2 plugins.
Preloading 0 native plugins for Editor in 0.00 ms.
Mono: successfully reloaded assembly
- Completed reload, in  2.455 seconds
Platform modules already initialized, skipping
Refreshing native plugins compatible for Editor in 1.36 ms, found 2 plugins.
Preloading 0 native plugins for Editor in 0.00 ms.
Unloading 3367 Unused Serialized files (Serialized files now loaded: 0)
System memory in use before: 133.1 MB.
System memory in use after: 133.2 MB.

Unloading 17 unused Assets to reduce memory usage. Loaded Objects now: 3930.
Total: 5.684500 ms (FindLiveObjects: 0.514000 ms CreateObjectMapping: 0.371300 ms MarkObjects: 4.615500 ms  DeleteObjects: 0.181100 ms)

========================================================================
Received Prepare
Registering precompiled user dll's ...
Registered in 0.006484 seconds.
Begin MonoManager ReloadAssembly
Native extension for WindowsStandalone target not found
Refreshing native plugins compatible for Editor in 1.35 ms, found 2 plugins.
Preloading 0 native plugins for Editor in 0.00 ms.
Mono: successfully reloaded assembly
- Completed reload, in  1.804 seconds
Platform modules already initialized, skipping
Refreshing native plugins compatible for Editor in 1.43 ms, found 2 plugins.
Preloading 0 native plugins for Editor in 0.00 ms.
Unloading 3367 Unused Serialized files (Serialized files now loaded: 0)
System memory in use before: 133.1 MB.
System memory in use after: 133.2 MB.

Unloading 17 unused Assets to reduce memory usage. Loaded Objects now: 3934.
Total: 3.639200 ms (FindLiveObjects: 0.514800 ms CreateObjectMapping: 0.135800 ms MarkObjects: 2.848900 ms  DeleteObjects: 0.138200 ms)

========================================================================
Received Prepare
Registering precompiled user dll's ...
Registered in 0.006574 seconds.
Begin MonoManager ReloadAssembly
Native extension for WindowsStandalone target not found
Refreshing native plugins compatible for Editor in 1.19 ms, found 2 plugins.
Preloading 0 native plugins for Editor in 0.00 ms.
Mono: successfully reloaded assembly
- Completed reload, in  1.539 seconds
Platform modules already initialized, skipping
Refreshing native plugins compatible for Editor in 0.78 ms, found 2 plugins.
Preloading 0 native plugins for Editor in 0.00 ms.
Unloading 3367 Unused Serialized files (Serialized files now loaded: 0)
System memory in use before: 133.1 MB.
System memory in use after: 133.2 MB.

Unloading 17 unused Assets to reduce memory usage. Loaded Objects now: 3938.
Total: 4.232000 ms (FindLiveObjects: 0.430500 ms CreateObjectMapping: 0.148800 ms MarkObjects: 3.501800 ms  DeleteObjects: 0.149300 ms)

========================================================================
Received Prepare
Registering precompiled user dll's ...
Registered in 0.009201 seconds.
Begin MonoManager ReloadAssembly
Native extension for WindowsStandalone target not found
Refreshing native plugins compatible for Editor in 0.80 ms, found 2 plugins.
Preloading 0 native plugins for Editor in 0.00 ms.
Mono: successfully reloaded assembly
- Completed reload, in  1.432 seconds
Platform modules already initialized, skipping
Refreshing native plugins compatible for Editor in 0.83 ms, found 2 plugins.
Preloading 0 native plugins for Editor in 0.00 ms.
Unloading 3367 Unused Serialized files (Serialized files now loaded: 0)
System memory in use before: 133.1 MB.
System memory in use after: 133.2 MB.

Unloading 17 unused Assets to reduce memory usage. Loaded Objects now: 3942.
Total: 3.672900 ms (FindLiveObjects: 0.363700 ms CreateObjectMapping: 0.113600 ms MarkObjects: 3.048500 ms  DeleteObjects: 0.145500 ms)

========================================================================
Received Prepare
Registering precompiled user dll's ...
Registered in 0.008386 seconds.
Begin MonoManager ReloadAssembly
Native extension for WindowsStandalone target not found
Refreshing native plugins compatible for Editor in 1.53 ms, found 2 plugins.
Preloading 0 native plugins for Editor in 0.00 ms.
Mono: successfully reloaded assembly
- Completed reload, in  1.852 seconds
Platform modules already initialized, skipping
Refreshing native plugins compatible for Editor in 0.79 ms, found 2 plugins.
Preloading 0 native plugins for Editor in 0.00 ms.
Unloading 3366 Unused Serialized files (Serialized files now loaded: 0)
System memory in use before: 133.1 MB.
System memory in use after: 133.2 MB.

Unloading 18 unused Assets to reduce memory usage. Loaded Objects now: 3945.
Total: 4.157000 ms (FindLiveObjects: 0.390700 ms CreateObjectMapping: 0.131200 ms MarkObjects: 3.468400 ms  DeleteObjects: 0.164900 ms)

========================================================================
Received Prepare
Registering precompiled user dll's ...
Registered in 0.008003 seconds.
Begin MonoManager ReloadAssembly
Native extension for WindowsStandalone target not found
Refreshing native plugins compatible for Editor in 1.61 ms, found 2 plugins.
Preloading 0 native plugins for Editor in 0.00 ms.
Mono: successfully reloaded assembly
- Completed reload, in  1.863 seconds
Platform modules already initialized, skipping
Refreshing native plugins compatible for Editor in 0.79 ms, found 2 plugins.
Preloading 0 native plugins for Editor in 0.00 ms.
Unloading 3367 Unused Serialized files (Serialized files now loaded: 0)
System memory in use before: 133.1 MB.
System memory in use after: 133.2 MB.

Unloading 17 unused Assets to reduce memory usage. Loaded Objects now: 3950.
Total: 4.762200 ms (FindLiveObjects: 0.502700 ms CreateObjectMapping: 0.175100 ms MarkObjects: 3.933500 ms  DeleteObjects: 0.148500 ms)

========================================================================
Received Import Request.
  Time since last request: 474.380597 seconds.
  path: Assets/SpawnFood.cs
  artifactKey: Guid(71fc63492170bb2409408d2cae0f2fb6) Importer(815301076,1909f56bfc062723c751e8b465ee728b)
Start importing Assets/SpawnFood.cs using Guid(71fc63492170bb2409408d2cae0f2fb6) Importer(815301076,1909f56bfc062723c751e8b465ee728b)  -> (artifact id: 'cf5bccfbf27ebf67d8a36da429ade1ef') in 0.014849 seconds 
========================================================================
Received Prepare
Registering precompiled user dll's ...
Registered in 0.009775 seconds.
Begin MonoManager ReloadAssembly
Native extension for WindowsStandalone target not found
Refreshing native plugins compatible for Editor in 1.48 ms, found 2 plugins.
Preloading 0 native plugins for Editor in 0.00 ms.
Mono: successfully reloaded assembly
- Completed reload, in  1.856 seconds
Platform modules already initialized, skipping
Refreshing native plugins compatible for Editor in 0.98 ms, found 2 plugins.
Preloading 0 native plugins for Editor in 0.00 ms.
Unloading 3367 Unused Serialized files (Serialized files now loaded: 0)
System memory in use before: 133.1 MB.
System memory in use after: 133.2 MB.

Unloading 17 unused Assets to reduce memory usage. Loaded Objects now: 3954.
Total: 4.183500 ms (FindLiveObjects: 0.452300 ms CreateObjectMapping: 0.130500 ms MarkObjects: 3.448900 ms  DeleteObjects: 0.150000 ms)

========================================================================
Received Import Request.
  Time since last request: 18.084155 seconds.
  path: Assets/SpawnFood.cs
  artifactKey: Guid(71fc63492170bb2409408d2cae0f2fb6) Importer(815301076,1909f56bfc062723c751e8b465ee728b)
Start importing Assets/SpawnFood.cs using Guid(71fc63492170bb2409408d2cae0f2fb6) Importer(815301076,1909f56bfc062723c751e8b465ee728b)  -> (artifact id: 'fb943787854d17e30f9b56679dfb12a8') in 0.011506 seconds 
========================================================================
Received Import Request.
  Time since last request: 2.697386 seconds.
  path: Assets/SpawnFood.cs
  artifactKey: Guid(71fc63492170bb2409408d2cae0f2fb6) Importer(815301076,1909f56bfc062723c751e8b465ee728b)
Start importing Assets/SpawnFood.cs using Guid(71fc63492170bb2409408d2cae0f2fb6) Importer(815301076,1909f56bfc062723c751e8b465ee728b)  -> (artifact id: 'aaf485ffa3943ebbe0f06e6ba7b0fb6f') in 0.007888 seconds 
========================================================================
Received Prepare
Registering precompiled user dll's ...
Registered in 0.007336 seconds.
Begin MonoManager ReloadAssembly
Native extension for WindowsStandalone target not found
Refreshing native plugins compatible for Editor in 2.08 ms, found 2 plugins.
Preloading 0 native plugins for Editor in 0.00 ms.
Mono: successfully reloaded assembly
- Completed reload, in  1.835 seconds
Platform modules already initialized, skipping
Refreshing native plugins compatible for Editor in 0.79 ms, found 2 plugins.
Preloading 0 native plugins for Editor in 0.00 ms.
Unloading 3367 Unused Serialized files (Serialized files now loaded: 0)
System memory in use before: 133.2 MB.
System memory in use after: 133.3 MB.

Unloading 17 unused Assets to reduce memory usage. Loaded Objects now: 3958.
Total: 3.633100 ms (FindLiveObjects: 0.360400 ms CreateObjectMapping: 0.097500 ms MarkObjects: 3.022000 ms  DeleteObjects: 0.151900 ms)

========================================================================
Received Prepare
Registering precompiled user dll's ...
Registered in 0.009123 seconds.
Begin MonoManager ReloadAssembly
Native extension for WindowsStandalone target not found
Refreshing native plugins compatible for Editor in 0.80 ms, found 2 plugins.
Preloading 0 native plugins for Editor in 0.00 ms.
Mono: successfully reloaded assembly
- Completed reload, in  1.383 seconds
Platform modules already initialized, skipping
Refreshing native plugins compatible for Editor in 0.84 ms, found 2 plugins.
Preloading 0 native plugins for Editor in 0.00 ms.
Unloading 3367 Unused Serialized files (Serialized files now loaded: 0)
System memory in use before: 133.2 MB.
System memory in use after: 133.3 MB.

Unloading 17 unused Assets to reduce memory usage. Loaded Objects now: 3962.
Total: 3.686400 ms (FindLiveObjects: 0.505800 ms CreateObjectMapping: 0.262900 ms MarkObjects: 2.781100 ms  DeleteObjects: 0.134800 ms)

========================================================================
Received Import Request.
  Time since last request: 360.149416 seconds.
  path: Assets/FoodPrefab.prefab
  artifactKey: Guid(e294770151b16cf4bb1ef4be19ae8875) Importer(815301076,1909f56bfc062723c751e8b465ee728b)
Start importing Assets/FoodPrefab.prefab using Guid(e294770151b16cf4bb1ef4be19ae8875) Importer(815301076,1909f56bfc062723c751e8b465ee728b)  -> (artifact id: '03af1276f67efbb173164edb510656fb') in 0.077028 seconds 
========================================================================
Received Import Request.
  Time since last request: 20.252886 seconds.
  path: Assets/FoodPrefab.prefab
  artifactKey: Guid(e294770151b16cf4bb1ef4be19ae8875) Importer(815301076,1909f56bfc062723c751e8b465ee728b)
Start importing Assets/FoodPrefab.prefab using Guid(e294770151b16cf4bb1ef4be19ae8875) Importer(815301076,1909f56bfc062723c751e8b465ee728b)  -> (artifact id: '8ff0760e42479329e9effdaef3d6b5fd') in 0.016430 seconds 
========================================================================
Received Import Request.
  Time since last request: 99.533898 seconds.
  path: Assets/apple.png
  artifactKey: Guid(10950e51bb8403444a15bda551fd0041) Importer(815301076,1909f56bfc062723c751e8b465ee728b)
Start importing Assets/apple.png using Guid(10950e51bb8403444a15bda551fd0041) Importer(815301076,1909f56bfc062723c751e8b465ee728b)  -> (artifact id: '3f9274366c7cf8fca02d3559dccbab86') in 0.039599 seconds 
========================================================================
Received Import Request.
  Time since last request: 102.889594 seconds.
  path: Assets/ApplePrefab.prefab
  artifactKey: Guid(beafc6b958c47bf4aa4db717d146c6a9) Importer(815301076,1909f56bfc062723c751e8b465ee728b)
Start importing Assets/ApplePrefab.prefab using Guid(beafc6b958c47bf4aa4db717d146c6a9) Importer(815301076,1909f56bfc062723c751e8b465ee728b)  -> (artifact id: '1682dd18a32fa6b15685e9997c8e4128') in 0.016938 seconds 
========================================================================
Received Prepare
Registering precompiled user dll's ...
Registered in 0.008911 seconds.
Begin MonoManager ReloadAssembly
Native extension for WindowsStandalone target not found
Refreshing native plugins compatible for Editor in 0.81 ms, found 2 plugins.
Preloading 0 native plugins for Editor in 0.00 ms.
Mono: successfully reloaded assembly
- Completed reload, in  1.760 seconds
Platform modules already initialized, skipping
Refreshing native plugins compatible for Editor in 0.93 ms, found 2 plugins.
Preloading 0 native plugins for Editor in 0.00 ms.
Unloading 3367 Unused Serialized files (Serialized files now loaded: 0)
System memory in use before: 133.6 MB.
System memory in use after: 133.7 MB.

Unloading 17 unused Assets to reduce memory usage. Loaded Objects now: 3981.
Total: 3.950800 ms (FindLiveObjects: 0.413600 ms CreateObjectMapping: 0.132400 ms MarkObjects: 3.224900 ms  DeleteObjects: 0.177700 ms)

========================================================================
Received Import Request.
  Time since last request: 167.080126 seconds.
  path: Assets/Snake.cs
  artifactKey: Guid(cc7f0ae9991073249b34f274bf953ab1) Importer(815301076,1909f56bfc062723c751e8b465ee728b)
Start importing Assets/Snake.cs using Guid(cc7f0ae9991073249b34f274bf953ab1) Importer(815301076,1909f56bfc062723c751e8b465ee728b)  -> (artifact id: '4ed7c9b6386395b745384230ae21a68b') in 0.023915 seconds 
========================================================================
Received Prepare
Registering precompiled user dll's ...
Registered in 0.007796 seconds.
Begin MonoManager ReloadAssembly
Native extension for WindowsStandalone target not found
Refreshing native plugins compatible for Editor in 0.81 ms, found 2 plugins.
Preloading 0 native plugins for Editor in 0.00 ms.
Mono: successfully reloaded assembly
- Completed reload, in  1.558 seconds
Platform modules already initialized, skipping
Refreshing native plugins compatible for Editor in 0.79 ms, found 2 plugins.
Preloading 0 native plugins for Editor in 0.00 ms.
Unloading 3367 Unused Serialized files (Serialized files now loaded: 0)
System memory in use before: 133.6 MB.
System memory in use after: 133.7 MB.

Unloading 17 unused Assets to reduce memory usage. Loaded Objects now: 3985.
Total: 4.237600 ms (FindLiveObjects: 0.416900 ms CreateObjectMapping: 0.196400 ms MarkObjects: 3.452800 ms  DeleteObjects: 0.169400 ms)

========================================================================
Received Prepare
Registering precompiled user dll's ...
Registered in 0.007145 seconds.
Begin MonoManager ReloadAssembly
Native extension for WindowsStandalone target not found
Refreshing native plugins compatible for Editor in 0.80 ms, found 2 plugins.
Preloading 0 native plugins for Editor in 0.00 ms.
Mono: successfully reloaded assembly
- Completed reload, in  1.453 seconds
Platform modules already initialized, skipping
Refreshing native plugins compatible for Editor in 0.80 ms, found 2 plugins.
Preloading 0 native plugins for Editor in 0.00 ms.
Unloading 3367 Unused Serialized files (Serialized files now loaded: 0)
System memory in use before: 133.6 MB.
System memory in use after: 133.7 MB.

Unloading 17 unused Assets to reduce memory usage. Loaded Objects now: 3989.
Total: 3.920300 ms (FindLiveObjects: 0.396400 ms CreateObjectMapping: 0.132200 ms MarkObjects: 3.222600 ms  DeleteObjects: 0.167600 ms)

========================================================================
Received Import Request.
  Time since last request: 369.905632 seconds.
  path: Assets/snakeHead.jfif
  artifactKey: Guid(48d2ff503e9b2b347a7959e5236f5bfb) Importer(815301076,1909f56bfc062723c751e8b465ee728b)
Start importing Assets/snakeHead.jfif using Guid(48d2ff503e9b2b347a7959e5236f5bfb) Importer(815301076,1909f56bfc062723c751e8b465ee728b)  -> (artifact id: 'e2d0fa6fb7d32591538215faffe2d139') in 0.026670 seconds 
========================================================================
Received Import Request.
  Time since last request: 252.477770 seconds.
  path: Assets/snakeHead.png
  artifactKey: Guid(fb90b9ff4e06a5147bdc0f8ec67fd015) Importer(815301076,1909f56bfc062723c751e8b465ee728b)
Start importing Assets/snakeHead.png using Guid(fb90b9ff4e06a5147bdc0f8ec67fd015) Importer(815301076,1909f56bfc062723c751e8b465ee728b)  -> (artifact id: '1e954c5083a0346a733b5218448a7b15') in 0.103461 seconds 
========================================================================
Received Prepare
Registering precompiled user dll's ...
Registered in 0.006665 seconds.
Begin MonoManager ReloadAssembly
Native extension for WindowsStandalone target not found
Refreshing native plugins compatible for Editor in 0.76 ms, found 2 plugins.
Preloading 0 native plugins for Editor in 0.00 ms.
Mono: successfully reloaded assembly
- Completed reload, in  1.386 seconds
Platform modules already initialized, skipping
Refreshing native plugins compatible for Editor in 0.74 ms, found 2 plugins.
Preloading 0 native plugins for Editor in 0.00 ms.
Unloading 3367 Unused Serialized files (Serialized files now loaded: 0)
System memory in use before: 134.0 MB.
System memory in use after: 134.1 MB.

Unloading 17 unused Assets to reduce memory usage. Loaded Objects now: 4010.
Total: 3.407200 ms (FindLiveObjects: 0.388000 ms CreateObjectMapping: 0.102600 ms MarkObjects: 2.788900 ms  DeleteObjects: 0.126100 ms)

========================================================================
Received Import Request.
  Time since last request: 371.760201 seconds.
  path: Assets/gameOver.jpg
  artifactKey: Guid(20a93022b3ad2d94899711f2fc9fad2a) Importer(815301076,1909f56bfc062723c751e8b465ee728b)
Start importing Assets/gameOver.jpg using Guid(20a93022b3ad2d94899711f2fc9fad2a) Importer(815301076,1909f56bfc062723c751e8b465ee728b)  -> (artifact id: 'f665f9e116e459d3f522ea611f750952') in 0.108943 seconds 
========================================================================
Received Prepare
Registering precompiled user dll's ...
Registered in 0.012571 seconds.
Begin MonoManager ReloadAssembly
Native extension for WindowsStandalone target not found
Refreshing native plugins compatible for Editor in 1.20 ms, found 2 plugins.
Preloading 0 native plugins for Editor in 0.00 ms.
Mono: successfully reloaded assembly
- Completed reload, in  1.451 seconds
Platform modules already initialized, skipping
Refreshing native plugins compatible for Editor in 0.89 ms, found 2 plugins.
Preloading 0 native plugins for Editor in 0.00 ms.
Unloading 3368 Unused Serialized files (Serialized files now loaded: 0)
System memory in use before: 135.2 MB.
System memory in use after: 135.3 MB.

Unloading 17 unused Assets to reduce memory usage. Loaded Objects now: 4032.
Total: 3.129000 ms (FindLiveObjects: 0.368000 ms CreateObjectMapping: 0.097100 ms MarkObjects: 2.529600 ms  DeleteObjects: 0.132700 ms)

========================================================================
Received Import Request.
  Time since last request: 516.690461 seconds.
  path: Assets/Snake.cs
  artifactKey: Guid(cc7f0ae9991073249b34f274bf953ab1) Importer(815301076,1909f56bfc062723c751e8b465ee728b)
Start importing Assets/Snake.cs using Guid(cc7f0ae9991073249b34f274bf953ab1) Importer(815301076,1909f56bfc062723c751e8b465ee728b)  -> (artifact id: '66d0d53714202c0640fb84bcc9a7f422') in 0.014635 seconds 
========================================================================
Received Import Request.
  Time since last request: 22.555435 seconds.
  path: Assets/Snake.cs
  artifactKey: Guid(cc7f0ae9991073249b34f274bf953ab1) Importer(815301076,1909f56bfc062723c751e8b465ee728b)
Start importing Assets/Snake.cs using Guid(cc7f0ae9991073249b34f274bf953ab1) Importer(815301076,1909f56bfc062723c751e8b465ee728b)  -> (artifact id: '95ca0c770e251e5a6a26514511237619') in 0.014974 seconds 
========================================================================
Received Import Request.
  Time since last request: 40.740737 seconds.
  path: Assets/Snake.cs
  artifactKey: Guid(cc7f0ae9991073249b34f274bf953ab1) Importer(815301076,1909f56bfc062723c751e8b465ee728b)
Start importing Assets/Snake.cs using Guid(cc7f0ae9991073249b34f274bf953ab1) Importer(815301076,1909f56bfc062723c751e8b465ee728b)  -> (artifact id: '793768cab1fec32d8814b97b70f59407') in 0.006727 seconds 
========================================================================
Received Prepare
Registering precompiled user dll's ...
Registered in 0.009091 seconds.
Begin MonoManager ReloadAssembly
Native extension for WindowsStandalone target not found
Refreshing native plugins compatible for Editor in 2.73 ms, found 2 plugins.
Preloading 0 native plugins for Editor in 0.00 ms.
Mono: successfully reloaded assembly
- Completed reload, in  1.901 seconds
Platform modules already initialized, skipping
Refreshing native plugins compatible for Editor in 0.80 ms, found 2 plugins.
Preloading 0 native plugins for Editor in 0.00 ms.
Unloading 3367 Unused Serialized files (Serialized files now loaded: 0)
System memory in use before: 135.2 MB.
System memory in use after: 135.3 MB.

Unloading 17 unused Assets to reduce memory usage. Loaded Objects now: 4036.
Total: 4.351100 ms (FindLiveObjects: 0.402300 ms CreateObjectMapping: 0.132600 ms MarkObjects: 3.661300 ms  DeleteObjects: 0.153200 ms)

========================================================================
Received Import Request.
  Time since last request: 171.958537 seconds.
  path: Assets/Snake.cs
  artifactKey: Guid(cc7f0ae9991073249b34f274bf953ab1) Importer(815301076,1909f56bfc062723c751e8b465ee728b)
Start importing Assets/Snake.cs using Guid(cc7f0ae9991073249b34f274bf953ab1) Importer(815301076,1909f56bfc062723c751e8b465ee728b)  -> (artifact id: '6eba01cd7874e257583c23c651503a0d') in 0.011813 seconds 
========================================================================
Received Import Request.
  Time since last request: 119.628120 seconds.
  path: Assets/GameOverPrefab.prefab
  artifactKey: Guid(d285ec06d2c5df84d85c5468595c3e63) Importer(815301076,1909f56bfc062723c751e8b465ee728b)
Start importing Assets/GameOverPrefab.prefab using Guid(d285ec06d2c5df84d85c5468595c3e63) Importer(815301076,1909f56bfc062723c751e8b465ee728b)  -> (artifact id: '11750d5746610234edf765266924e1d1') in 0.086385 seconds 
========================================================================
Received Prepare
Registering precompiled user dll's ...
Registered in 0.009921 seconds.
Begin MonoManager ReloadAssembly
Native extension for WindowsStandalone target not found
Refreshing native plugins compatible for Editor in 1.20 ms, found 2 plugins.
Preloading 0 native plugins for Editor in 0.00 ms.
Mono: successfully reloaded assembly
- Completed reload, in  1.583 seconds
Platform modules already initialized, skipping
Refreshing native plugins compatible for Editor in 1.18 ms, found 2 plugins.
Preloading 0 native plugins for Editor in 0.00 ms.
Unloading 3367 Unused Serialized files (Serialized files now loaded: 0)
System memory in use before: 135.2 MB.
System memory in use after: 135.3 MB.

Unloading 17 unused Assets to reduce memory usage. Loaded Objects now: 4041.
Total: 3.498100 ms (FindLiveObjects: 0.379500 ms CreateObjectMapping: 0.116500 ms MarkObjects: 2.860500 ms  DeleteObjects: 0.139600 ms)

========================================================================
Received Prepare
Registering precompiled user dll's ...
Registered in 0.009049 seconds.
Begin MonoManager ReloadAssembly
Native extension for WindowsStandalone target not found
Refreshing native plugins compatible for Editor in 1.28 ms, found 2 plugins.
Preloading 0 native plugins for Editor in 0.00 ms.
Mono: successfully reloaded assembly
- Completed reload, in  1.552 seconds
Platform modules already initialized, skipping
Refreshing native plugins compatible for Editor in 1.21 ms, found 2 plugins.
Preloading 0 native plugins for Editor in 0.00 ms.
Unloading 3367 Unused Serialized files (Serialized files now loaded: 0)
System memory in use before: 135.2 MB.
System memory in use after: 135.3 MB.

Unloading 17 unused Assets to reduce memory usage. Loaded Objects now: 4045.
Total: 4.859100 ms (FindLiveObjects: 0.481800 ms CreateObjectMapping: 0.209100 ms MarkObjects: 4.005800 ms  DeleteObjects: 0.160800 ms)

========================================================================
Received Prepare
Registering precompiled user dll's ...
Registered in 0.007483 seconds.
Begin MonoManager ReloadAssembly
Native extension for WindowsStandalone target not found
Refreshing native plugins compatible for Editor in 0.85 ms, found 2 plugins.
Preloading 0 native plugins for Editor in 0.00 ms.
Mono: successfully reloaded assembly
- Completed reload, in  1.848 seconds
Platform modules already initialized, skipping
Refreshing native plugins compatible for Editor in 1.41 ms, found 2 plugins.
Preloading 0 native plugins for Editor in 0.00 ms.
Unloading 3367 Unused Serialized files (Serialized files now loaded: 0)
System memory in use before: 135.2 MB.
System memory in use after: 135.3 MB.

Unloading 17 unused Assets to reduce memory usage. Loaded Objects now: 4049.
Total: 4.990900 ms (FindLiveObjects: 0.495900 ms CreateObjectMapping: 0.165600 ms MarkObjects: 4.158100 ms  DeleteObjects: 0.169100 ms)

========================================================================
Received Import Request.
  Time since last request: 61.916251 seconds.
  path: Assets/Snake.cs
  artifactKey: Guid(cc7f0ae9991073249b34f274bf953ab1) Importer(815301076,1909f56bfc062723c751e8b465ee728b)
Start importing Assets/Snake.cs using Guid(cc7f0ae9991073249b34f274bf953ab1) Importer(815301076,1909f56bfc062723c751e8b465ee728b)  -> (artifact id: '905effa5be5d184fa595aaea428187a8') in 0.013226 seconds 
========================================================================
Received Prepare
Registering precompiled user dll's ...
Registered in 0.007564 seconds.
Begin MonoManager ReloadAssembly
Native extension for WindowsStandalone target not found
Refreshing native plugins compatible for Editor in 1.82 ms, found 2 plugins.
Preloading 0 native plugins for Editor in 0.00 ms.
Mono: successfully reloaded assembly
- Completed reload, in  1.836 seconds
Platform modules already initialized, skipping
Refreshing native plugins compatible for Editor in 0.81 ms, found 2 plugins.
Preloading 0 native plugins for Editor in 0.00 ms.
Unloading 3367 Unused Serialized files (Serialized files now loaded: 0)
System memory in use before: 135.2 MB.
System memory in use after: 135.3 MB.

Unloading 17 unused Assets to reduce memory usage. Loaded Objects now: 4053.
Total: 5.537700 ms (FindLiveObjects: 0.576700 ms CreateObjectMapping: 0.380100 ms MarkObjects: 4.393600 ms  DeleteObjects: 0.185100 ms)

========================================================================
Received Import Request.
  Time since last request: 101.747160 seconds.
  path: Assets/Snake.cs
  artifactKey: Guid(cc7f0ae9991073249b34f274bf953ab1) Importer(815301076,1909f56bfc062723c751e8b465ee728b)
Start importing Assets/Snake.cs using Guid(cc7f0ae9991073249b34f274bf953ab1) Importer(815301076,1909f56bfc062723c751e8b465ee728b)  -> (artifact id: '435dd946a468495ea1ee6b3b9011b9da') in 0.017755 seconds 
========================================================================
Received Prepare
Registering precompiled user dll's ...
Registered in 0.006516 seconds.
Begin MonoManager ReloadAssembly
Native extension for WindowsStandalone target not found
Refreshing native plugins compatible for Editor in 0.80 ms, found 2 plugins.
Preloading 0 native plugins for Editor in 0.00 ms.
Mono: successfully reloaded assembly
- Completed reload, in  1.443 seconds
Platform modules already initialized, skipping
Refreshing native plugins compatible for Editor in 0.92 ms, found 2 plugins.
Preloading 0 native plugins for Editor in 0.00 ms.
Unloading 3367 Unused Serialized files (Serialized files now loaded: 0)
System memory in use before: 135.2 MB.
System memory in use after: 135.3 MB.

Unloading 17 unused Assets to reduce memory usage. Loaded Objects now: 4057.
Total: 5.830400 ms (FindLiveObjects: 0.415900 ms CreateObjectMapping: 0.133800 ms MarkObjects: 5.070300 ms  DeleteObjects: 0.208100 ms)

AssetImportWorkerClient::OnTransportError - code=2 error=End of file
